2022-10-24T05:12:24.868Z - info: [ui] [AppStore] loading 0 repositories from store
2022-10-24T05:12:24.916Z - info: [ui] [Welcome] no sign in step found. ignoring...
2022-10-24T05:12:24.982Z - info: [ui] [Welcome] no sign in step found. ignoring...
2022-10-24T05:12:24.985Z - info: [ui] launching: 3.1.1-linux1 (Linux 6.0.2-arch1-1)
2022-10-24T05:12:24.986Z - info: [ui] execPath: '/opt/github-desktop/github-desktop'
2022-10-24T05:12:25.105Z - info: [ui] [Welcome] no sign in step found. ignoring...
2022-10-24T05:12:26.159Z - info: [ui] [Welcome] advancing to step: SignInToDotComWithBrowser
2022-10-24T05:12:26.161Z - info: [ui] [SignInStore] initializing OAuth flow
2022-10-24T05:12:26.165Z - info: [main] opening in browser: https://github.com/login/oauth/authorize?client_id=3a723b10ac5575cc5bb9&scope=repo%20user%20workflow&state=8545b131-4555-46bf-a1ad-9663f37e3bb8
2022-10-24T05:12:26.165Z - info: [ui] [Welcome] current sign in state not found. ignoring...
2022-10-24T05:12:30.019Z - info: [ui] Opt in reported.
2022-10-24T05:12:40.684Z - info: [main] Received possible protocol arguments: 4
2022-10-24T05:12:40.684Z - info: [main] Processing protocol url
2022-10-24T05:12:40.691Z - info: [ui] [Dispatcher] requesting authenticated user
2022-10-24T05:12:40.972Z - info: [ui] [Welcome] kind Authentication is the same as Authentication. ignoring...
2022-10-24T05:12:41.386Z - info: [ui] [SignInStore] account resolved
2022-10-24T05:12:41.387Z - info: [ui] [AppStore] adding account tejas-luthra (Tejas Luthra) to store
2022-10-24T05:12:41.633Z - info: [ui] Subscribed 'tejas-luthra' to Alive channel
2022-10-24T05:12:41.974Z - info: [ui] [Welcome] advancing to step: ConfigureGit
2022-10-24T05:12:42.491Z - info: [ui] [Welcome] no sign in step found. ignoring...
2022-10-24T05:12:42.639Z - info: [ui] [Welcome] no sign in step found. ignoring...
2022-10-24T05:12:56.944Z - info: [main] Error report submitted
2022-10-24T05:17:18.218Z - info: [ui] [AppStore] adding repository at /home/tejas/GitHub/dotfiles to store
