2022-09-07 14:17:08 Loading main app package /usr/lib/obsidian/obsidian.asar
2022-09-07 14:17:08 Checking for update using Github
2022-09-07 14:17:10 Success.
2022-09-07 14:17:10 Latest version is 0.15.9
2022-09-07 14:17:10 App is up to date.
2022-09-07 16:06:47 Loading main app package /usr/lib/obsidian/obsidian.asar
2022-09-07 16:06:47 Checking for update using Github
2022-09-07 16:06:48 Success.
2022-09-07 16:06:48 Latest version is 0.15.9
2022-09-07 16:06:48 App is up to date.
2022-09-07 17:06:47 Checking for update using Github
2022-09-07 17:06:48 Success.
2022-09-07 17:06:48 Latest version is 0.15.9
2022-09-07 17:06:48 App is up to date.
2022-09-11 00:40:32 Loading main app package /usr/lib/obsidian/obsidian.asar
2022-09-11 00:40:32 Checking for update using Github
2022-09-11 00:40:38 Success.
2022-09-11 00:40:38 Latest version is 0.15.9
2022-09-11 00:40:38 App is up to date.
2022-09-11 01:40:32 Checking for update using Github
2022-09-11 01:40:32 Success.
2022-09-11 01:40:32 Latest version is 0.15.9
2022-09-11 01:40:32 App is up to date.
2022-09-11 02:40:32 Checking for update using Github
2022-09-11 02:40:37 Success.
2022-09-11 02:40:37 Latest version is 0.15.9
2022-09-11 02:40:37 App is up to date.
2022-09-12 14:03:44 Loading main app package /usr/lib/obsidian/obsidian.asar
2022-09-12 14:03:44 Checking for update using Github
2022-09-12 14:03:45 Success.
2022-09-12 14:03:45 Latest version is 0.15.9
2022-09-12 14:03:45 App is up to date.
2022-09-13 14:11:59 Loading main app package /usr/lib/obsidian/obsidian.asar
2022-09-13 14:11:59 Checking for update using Github
2022-09-13 14:12:00 Success.
2022-09-13 14:12:00 Latest version is 0.15.9
2022-09-13 14:12:00 App is up to date.
2022-09-19 16:39:26 Loading main app package /usr/lib/obsidian/obsidian.asar
2022-09-19 16:39:26 Checking for update using Github
2022-09-19 16:39:27 Success.
2022-09-19 16:39:27 Latest version is 0.15.9
2022-09-19 16:39:27 App is up to date.
2022-09-19 18:57:49 Checking for update using Github
2022-09-19 18:57:49 Success.
2022-09-19 18:57:49 Latest version is 0.15.9
2022-09-19 18:57:49 App is up to date.
2022-09-20 01:34:07 Checking for update using Github
2022-09-26 18:05:14 Loading main app package /usr/lib/obsidian/obsidian.asar
2022-09-26 18:05:14 Checking for update using Github
2022-09-26 18:05:15 Success.
2022-09-26 18:05:15 Latest version is 0.15.9
2022-09-26 18:05:15 App is up to date.
2022-10-03 15:58:24 Loading main app package /usr/lib/obsidian/obsidian.asar
2022-10-03 15:58:24 Checking for update using Github
2022-10-03 15:58:25 Success.
2022-10-03 15:58:25 Latest version is 0.15.9
2022-10-03 15:58:25 App is up to date.
2022-10-05 16:56:40 Loading main app package /usr/lib/obsidian/obsidian.asar
2022-10-05 16:56:40 Checking for update using Github
2022-10-05 16:56:40 Success.
2022-10-05 16:56:40 Latest version is 0.15.9
2022-10-05 16:56:40 App is up to date.
2022-10-07 15:30:23 Loading main app package /usr/lib/obsidian/obsidian.asar
2022-10-07 15:30:24 Checking for update using Github
2022-10-07 15:30:24 Success.
2022-10-07 15:30:24 Latest version is 0.15.9
2022-10-07 15:30:24 App is up to date.
